<?xml version="1.0" encoding="UTF-8"?>
<testsuite xmlns:xsi="http://www.w3.org/2001/XMLSchema-instance" xsi:noNamespaceSchemaLocation="https://maven.apache.org/surefire/maven-surefire-plugin/xsd/surefire-test-report-3.0.xsd" version="3.0" name="TestRunnerUW.TestRunner" time="384.117" tests="1" errors="1" skipped="0" failures="0">
  <properties>
[...]
</properties>
  <testcase name="Launch Appian process and verify Work Type = &apos;Amend Details&apos; and Work sub-type = &apos;Letter of Authority&apos;" classname="Launch and Verify Appian Process" time="325.436">
    <error message="no such element: Unable to locate element: {&quot;method&quot;:&quot;xpath&quot;,&quot;selector&quot;:&quot;//table[@id=&apos;CustomerDiary&apos;]//tbody//tr[1]//td[2]&quot;}&#10;  (Session info: chrome=140.0.7339.186)&#10;For documentation on this error, please visit: https://www.seleniumhq.org/exceptions/no_such_element.html&#10;Build info: version: &apos;3.141.59&apos;, revision: &apos;e82be7d358&apos;, time: &apos;2018-11-14T08:17:03&apos;&#10;System info: host: &apos;AZRAVD-DWS-145&apos;, ip: &apos;10.120.9.71&apos;, os.name: &apos;Windows 10&apos;, os.arch: &apos;x86&apos;, os.version: &apos;10.0&apos;, java.version: &apos;1.8.0_462&apos;&#10;Driver info: org.openqa.selenium.chrome.ChromeDriver&#10;Capabilities {acceptInsecureCerts: false, browserName: chrome, browserVersion: 140.0.7339.186, chrome: {chromedriverVersion: 140.0.7339.82 (bc93617e21c3..., userDataDir: C:\Users\VIKASH~1.KUM\AppDa...}, fedcm:accounts: true, goog:chromeOptions: {debuggerAddress: localhost:55356}, javascriptEnabled: true, networkConnectionEnabled: false, pageLoadStrategy: normal, platform: WINDOWS, platformName: WINDOWS, proxy: Proxy(), setWindowRect: true, strictFileInteractability: false, timeouts: {implicit: 0, pageLoad: 300000, script: 30000}, unhandledPromptBehavior: dismiss and notify, webauthn:extension:credBlob: true, webauthn:extension:largeBlob: true, webauthn:extension:minPinLength: true, webauthn:extension:prf: true, webauthn:virtualAuthenticators: true}&#10;Session ID: 315685f1121c83e0a774ccff32b0ad06&#10;*** Element info: {Using=xpath, value=//table[@id=&apos;CustomerDiary&apos;]//tbody//tr[1]//td[2]}" type="org.openqa.selenium.NoSuchElementException"><![CDATA[org.openqa.selenium.NoSuchElementException: 
no such element: Unable to locate element: {"method":"xpath","selector":"//table[@id='CustomerDiary']//tbody//tr[1]//td[2]"}
  (Session info: chrome=140.0.7339.186)
For documentation on this error, please visit: https://www.seleniumhq.org/exceptions/no_such_element.html
Build info: version: '3.141.59', revision: 'e82be7d358', time: '2018-11-14T08:17:03'
System info: host: 'AZRAVD-DWS-145', ip: '10.120.9.71', os.name: 'Windows 10', os.arch: 'x86', os.version: '10.0', java.version: '1.8.0_462'
Driver info: org.openqa.selenium.chrome.ChromeDriver
Capabilities {acceptInsecureCerts: false, browserName: chrome, browserVersion: 140.0.7339.186, chrome: {chromedriverVersion: 140.0.7339.82 (bc93617e21c3..., userDataDir: C:\Users\VIKASH~1.KUM\AppDa...}, fedcm:accounts: true, goog:chromeOptions: {debuggerAddress: localhost:55356}, javascriptEnabled: true, networkConnectionEnabled: false, pageLoadStrategy: normal, platform: WINDOWS, platformName: WINDOWS, proxy: Proxy(), setWindowRect: true, strictFileInteractability: false, timeouts: {implicit: 0, pageLoad: 300000, script: 30000}, unhandledPromptBehavior: dismiss and notify, webauthn:extension:credBlob: true, webauthn:extension:largeBlob: true, webauthn:extension:minPinLength: true, webauthn:extension:prf: true, webauthn:virtualAuthenticators: true}
Session ID: 315685f1121c83e0a774ccff32b0ad06
*** Element info: {Using=xpath, value=//table[@id='CustomerDiary']//tbody//tr[1]//td[2]}
	at sun.reflect.NativeConstructorAccessorImpl.newInstance0(Native Method)
	at sun.reflect.NativeConstructorAccessorImpl.newInstance(NativeConstructorAccessorImpl.java:62)
	at sun.reflect.DelegatingConstructorAccessorImpl.newInstance(DelegatingConstructorAccessorImpl.java:45)
	at java.lang.reflect.Constructor.newInstance(Constructor.java:423)
	at org.openqa.selenium.remote.http.W3CHttpResponseCodec.createException(W3CHttpResponseCodec.java:187)
	at org.openqa.selenium.remote.http.W3CHttpResponseCodec.decode(W3CHttpResponseCodec.java:122)
	at org.openqa.selenium.remote.http.W3CHttpResponseCodec.decode(W3CHttpResponseCodec.java:49)
	at org.openqa.selenium.remote.HttpCommandExecutor.execute(HttpCommandExecutor.java:158)
	at org.openqa.selenium.remote.service.DriverCommandExecutor.execute(DriverCommandExecutor.java:83)
	at org.openqa.selenium.remote.RemoteWebDriver.execute(RemoteWebDriver.java:552)
	at org.openqa.selenium.remote.RemoteWebDriver.findElement(RemoteWebDriver.java:323)
	at org.openqa.selenium.remote.RemoteWebDriver.findElementByXPath(RemoteWebDriver.java:428)
	at org.openqa.selenium.By$ByXPath.findElement(By.java:353)
	at org.openqa.selenium.remote.RemoteWebDriver.findElement(RemoteWebDriver.java:315)
	at org.openqa.selenium.support.pagefactory.DefaultElementLocator.findElement(DefaultElementLocator.java:69)
	at org.openqa.selenium.support.pagefactory.internal.LocatingElementHandler.invoke(LocatingElementHandler.java:38)
	at com.sun.proxy.$Proxy22.getText(Unknown Source)
	at pages.Base.extractTrimmedNumber(Base.java:372)
	at pages.AppianUATPage.validateAccountEntryInDiaryTab(AppianUATPage.java:326)
	at stepdefinitions.AppianUATDefinitions.i_click_on_the_diary_tab_and_validate_that_a_new_entry_is_created_in_the_diary(AppianUATDefinitions.java:124)
	at ✽.I click on the Diary tab and validate that a new entry is created in the diary "120032"(file:///H:/Automation_Workspace/UWAppian/com.UWAppianAutomation/src/test/resources/features/AppianUAT.feature:34)
]]></error>
    <system-out><![CDATA[
@AppianProcess1
Scenario Outline: Launch Appian process and verify Work Type = 'Amend Details' and Work sub-type = 'Letter of Authority' # src/test/resources/features/AppianUAT.feature:39
  Given I open appian login page "https://bpm-uat.targetgroup.corp.local/suite/tempo/news/participating"                 # stepdefinitions.LoginDefinitions.iOpenAppianLoginPage(java.lang.String)

    Embedding Step Screenshot [imagepassed/png 18455 bytes]

  When I enter appian username "VIKASHKUMA" and password "Todayis10%"                                                    # stepdefinitions.LoginDefinitions.iEnterAppianUsernameAndPassword(java.lang.String,java.lang.String)

    Embedding Step Screenshot [imagepassed/png 17784 bytes]

  And I click on the appian login button                                                                                 # stepdefinitions.LoginDefinitions.iClickOnTheAppianLoginButton()

    Embedding Step Screenshot [imagepassed/png 11656 bytes]

Page title is: News
Navigated to Appian Home Page successfully, logo is displayed.
  Then I should be navigated to appian home page                                                                         # stepdefinitions.LoginDefinitions.iShouldBeNavigatedToAppianHomePage()

    Embedding Step Screenshot [imagepassed/png 21840 bytes]

  When I click on the Actions tab                                                                                        # stepdefinitions.AppianUATDefinitions.i_click_on_the_actions_tab()

    Embedding Step Screenshot [imagepassed/png 31261 bytes]

Actual Text: Select Portfolio To Launch Process For
Nevigated correct page
  And I scroll down and click on Launch Appian Process                                                                   # stepdefinitions.AppianUATDefinitions.i_scroll_down_and_click_on_launch_appian_process()

    Embedding Step Screenshot [imagepassed/png 27731 bytes]

DEBUG: Found options (29):
  -> 'Please Select...'
  -> 'Accord'
  -> 'Aqua'
  -> 'Aston'
  -> 'Bank of Scotland'
  -> 'Barclays SP'
  -> 'Castle Trust'
  -> 'Chetwood'
  -> 'Coast Finance Solutions'
  -> 'CSI'
  -> 'DAFS'
  -> 'DBS Mortgages'
  -> 'Elderbridge'
  -> 'Elderbridge (Arrow)'
  -> 'Elderbridge (DB)'
  -> 'Elderbridge (Hoist)'
  -> 'Elderbridge Commercial'
  -> 'GE Money'
  -> 'Hartmoor'
  -> 'HSBC'
  -> 'Investec'
  -> 'Magellan'
  -> 'Morgan Stanley'
  -> 'Nava Finance'
  -> 'Norwich and Peterborough'
  -> 'Picture'
  -> 'Rochester'
  -> 'Shawbrook Commercial'
  -> 'Shawbrook Loans'
Clicked option by normal click: Chetwood
  And I select the portfolio name "Chetwood" and click on Next                                                           # stepdefinitions.AppianUATDefinitions.i_select_the_portfolio_name_and_click_on_next(java.lang.String)

    Embedding Step Screenshot [imagepassed/png 28350 bytes]

Actual Text: Enter Entity Id
Entered text: 120032
  And I enter the account number "120032" in the Entity Id field and click on Next                                       # stepdefinitions.AppianUATDefinitions.i_enter_the_account_number_in_the_entity_id_field_and_click_on_next(java.lang.String)

    Embedding Step Screenshot [imagepassed/png 25530 bytes]

Actual Text: Select Process To Launch
DEBUG: Found options (18):
  -> 'Please Select...'
  -> 'Amend Details'
  -> 'Call Back'
  -> 'Case'
  -> 'Case Management'
  -> 'Client Correspondence'
  -> 'Complaints'
  -> 'General Enquiry'
  -> 'Gone Away Mail'
  -> 'Information/Consent Requests'
  -> 'Insolvency'
  -> 'Land Registry Documents'
  -> 'Letter QC'
  -> 'Notification'
  -> 'Payments / Payment Proposal'
  -> 'Redemption'
  -> 'Return of Originals'
  -> 'Third Party Correspondence'
Clicked option by normal click: Client Correspondence
DEBUG: Found options (6):
  -> 'Please Select...'
  -> 'Ad Hoc Letter'
  -> 'Disputed Debt Flag Added'
  -> 'Disputed Debt Flag Removed'
  -> 'Returned Cheque'
  -> 'Returned Mail'
Clicked option by normal click: Returned Cheque
DEBUG: Found options (3):
  -> 'Please Select...'
  -> 'CSL2'
  -> 'CSL1'
Clicked option by normal click: CSL1
  And I select worktype "Client Correspondence", worksubtype "Returned Cheque" and user group "CSL1"                     # stepdefinitions.AppianUATDefinitions.i_select_worktype_worksubtype_and_user_group(java.lang.String,java.lang.String,java.lang.String)

    Embedding Step Screenshot [imagepassed/png 44206 bytes]

Entered text: Test notes for UW
Entered text: Testing
  And I enter notes "Test notes for UW" in the Summary Text and Notes field                                              # stepdefinitions.AppianUATDefinitions.i_enter_notes_in_the_summary_text_and_notes_field(java.lang.String)

    Embedding Step Screenshot [imagepassed/png 37987 bytes]

  And I click on Launch Process                                                                                          # stepdefinitions.AppianUATDefinitions.i_click_on_launch_process()

    Embedding Step Screenshot [imagepassed/png 38789 bytes]

Current Page Title: Confirmation
  Then The Process Launch Confirmation screen should be displayed and closed                                             # stepdefinitions.AppianUATDefinitions.the_process_launch_confirmation_screen_should_be_displayed_and_closed()

    Embedding Step Screenshot [imagepassed/png 26394 bytes]

Current Page Title: Tasks
  When I navigate to the TASK tab                                                                                        # stepdefinitions.AppianUATDefinitions.i_navigate_to_the_task_tab()

    Embedding Step Screenshot [imagepassed/png 22054 bytes]

  And I open Single Step Tasks                                                                                           # stepdefinitions.AppianUATDefinitions.i_open_single_step_tasks()

    Embedding Step Screenshot [imagepassed/png 52888 bytes]

  And I click on Show Report Filters                                                                                     # stepdefinitions.AppianUATDefinitions.i_click_on_Show_Report_Filters()

    Embedding Step Screenshot [imagepassed/png 109071 bytes]

DEBUG: Found options (29):
  -> 'All'
  -> 'Accord'
  -> 'Aqua'
  -> 'Aston'
  -> 'Bank of Scotland'
  -> 'Barclays SP'
  -> 'Castle Trust'
  -> 'Chetwood'
  -> 'Coast Finance Solutions'
  -> 'CSI'
  -> 'DAFS'
  -> 'DBS Mortgages'
  -> 'Elderbridge'
  -> 'Elderbridge (Arrow)'
  -> 'Elderbridge (DB)'
  -> 'Elderbridge (Hoist)'
  -> 'Elderbridge Commercial'
  -> 'GE Money'
  -> 'Hartmoor'
  -> 'HSBC'
  -> 'Investec'
  -> 'Magellan'
  -> 'Morgan Stanley'
  -> 'Nava Finance'
  -> 'Norwich and Peterborough'
  -> 'Picture'
  -> 'Rochester'
  -> 'Shawbrook Commercial'
  -> 'Shawbrook Loans'
Clicked option by normal click: Chetwood
DEBUG: Found options (49):
  -> 'All'
  -> 'Accounts'
  -> 'Amend Details'
  -> 'AML'
  -> 'BACS Post Transaction'
  -> 'BBC'
  -> 'BBC Returned Mail'
  -> 'Call Back'
  -> 'Case'
  -> 'Case Management'
  -> 'Cheque Process'
  -> 'Client Correspondence'
  -> 'Complaints'
  -> 'Customer Manager'
  -> 'Data Maintenance'
  -> 'DB'
  -> 'Debt Respite'
  -> 'Deceased'
  -> 'Exception'
  -> 'GDPR'
  -> 'General Enquiry'
  -> 'Gone Away Mail'
  -> 'Information/Consent Requests'
  -> 'Insolvency'
  -> 'Investment Amendments'
  -> 'Invoice'
  -> 'Land Registry Documents'
  -> 'Legal Pack'
  -> 'Letter QC'
  -> 'Maturity'
  -> 'Maturity Option'
  -> 'MIFID'
  -> 'Notification'
  -> 'Odyssey'
  -> 'Originations'
  -> 'Payments / Payment Proposal'
  -> 'Process Initiation'
  -> 'Product Transfer'
  -> 'QA QC Check'
  -> 'Quality'
  -> 'Redemption'
  -> 'Redemption/Settlement'
  -> 'Remediation'
  -> 'Return of Originals'
  -> 'Surrender'
  -> 'Team Leader Task'
  -> 'Third Party Correspondence'
  -> 'Title Confirmation'
  -> 'Unallocated Funds'
Clicked option by normal click: Client Correspondence
DEBUG: Found options (14):
  -> 'All'
  -> 'Ad Hoc Letter'
  -> 'AdHoc Customer Requests'
  -> 'Client Correspondence'
  -> 'Client Referral'
  -> 'Disputed Debt Flag Added'
  -> 'Disputed Debt Flag Removed'
  -> 'Letter of Waiver'
  -> 'POHO Certificate'
  -> 'Proof of Occupancy'
  -> 'R85 Form'
  -> 'Return Of Mail'
  -> 'Returned Cheque'
  -> 'Returned Mail'
Clicked option by normal click: Returned Cheque
  And I filter with portfolio "Chetwood", worktype "Client Correspondence" and worksubtype "Returned Cheque"             # stepdefinitions.AppianUATDefinitions.i_filter_with_portfolio_worktype_and_worksubtype(java.lang.String,java.lang.String,java.lang.String)

    Embedding Step Screenshot [imagepassed/png 95025 bytes]

  Then The launched process should be displayed as a task                                                                # stepdefinitions.AppianUATDefinitions.the_launched_process_should_be_displayed_as_a_task()

    Embedding Step Screenshot [imagepassed/png 95025 bytes]

  When I select the respective "Returned Cheque" task and click on it                                                    # stepdefinitions.AppianUATDefinitions.i_select_the_respective_task_and_click_on_it(java.lang.String)

    Embedding Step Screenshot [imagepassed/png 120122 bytes]

Page title validation passed. Expected part: 'Single Step : Account', Actual title: Single Step : Account: 120032 (ID:152868)
Current Page Title: Accept Task
  And I click on the Accept Task button                                                                                  # stepdefinitions.AppianUATDefinitions.i_click_on_the_accept_task_button()

    Embedding Step Screenshot [imagepassed/png 52895 bytes]

Page title validation passed. Expected part: 'Single Step : Account', Actual title: Single Step : Account: 120032 (ID:152868)
  And I click on the Complete Task button                                                                                # stepdefinitions.AppianUATDefinitions.i_click_on_the_complete_task_button()

    Embedding Step Screenshot [imagepassed/png 61192 bytes]

Current Page Title: Complete Task
Selected radio button with label: Task has been completed with instruction(s) carried out successfully
DEBUG: Found options (26):
  -> '--- Please Select ---'
  -> 'Please Select'
  -> 'Consumer Search Completed'
  -> 'Compliance'
  -> 'Customer Management'
  -> 'Customer Services'
  -> 'Dissatisfied Customer'
  -> 'Documents Received Today'
  -> 'Fixed Rate First Mortgage'
  -> 'Insolvencies'
  -> 'Insolvency Snapshot'
  -> 'Isolated Incident'
  -> 'Litigation Snapshot'
  -> 'Miscellaneous'
  -> 'Recoveries'
  -> 'Recoveries Snapshot'
  -> 'Settlement Request'
  -> 'Arrears Snapshot'
  -> 'Welcome Call Attempted App 1'
  -> 'Welcome Call Attempted App 2'
  -> 'Welcome Call Completed App 1'
  -> 'Welcome Call Completed App 2'
  -> 'Welcome Call Refused App 1'
  -> 'Welcome Call Refused App 2'
  -> 'Third Party Snapshot'
  -> 'DSAR Requested'
Clicked option by normal click: Customer Management
Entered text: Appian
Entered text: Appian-Returned Cheque
Actual Text: Summary
  And I enter notes "Customer Management" in the UW Summary Notes field and click on Submit button                       # stepdefinitions.AppianUATDefinitions.i_enter_notes_in_the_uw_summary_notes_field_and_click_on_submit_button(java.lang.String)

    Embedding Step Screenshot [imagepassed/png 33167 bytes]

  Given I open UWUat login page "https://uat1-servicing.targetgroup.corp.local/SignOnUAT/login.xhtml"                    # stepdefinitions.LoginDefinitions.iOpenUWUatLoginPage(java.lang.String)

    Embedding Step Screenshot [imagepassed/png 41901 bytes]

  When I enter UWUat username "VIKASHKUMA" and password "Todayis121%Vikash"                                              # stepdefinitions.LoginDefinitions.iEnterUWUatUsernameAndPassword(java.lang.String,java.lang.String)

    Embedding Step Screenshot [imagepassed/png 43200 bytes]

  And I click on the UWUat login button                                                                                  # stepdefinitions.LoginDefinitions.iClickOnTheUWUatLoginButton()

    Embedding Step Screenshot [imagepassed/png 56706 bytes]

Page title validation passed. Expected part: 'Single Sign On', Actual title: Single Sign On 6.0.2 (22/10/2024)
  And I validate the UW home screen is displayed                                                                         # stepdefinitions.AppianUATDefinitions.i_validate_the_uw_home_screen_is_displayed()

    Embedding Step Screenshot [imagepassed/png 56706 bytes]

Page title validation passed. Expected part: 'Chetwood - Universal Workspace', Actual title: Chetwood - Universal Workspace v3.1.11 (15/04/2025)
  And I click on Chetwood BAU and validate the Chetwood home page is displayed                                           # stepdefinitions.AppianUATDefinitions.i_click_on_chetwood_bau_and_validate_the_chetwood_home_page_is_displayed()

    Embedding Step Screenshot [imagepassed/png 18004 bytes]

Entered text: 120032
  And I enter account number "120032" in the Agreement Number field and click on search                                  # stepdefinitions.AppianUATDefinitions.i_enter_account_number_in_the_agreement_number_field_and_click_on_search(java.lang.String)

    Embedding Step Screenshot [imagepassed/png 22014 bytes]

Switched to frame: _iframe-popupWindow
Actual Text: Verified
  And I click on Account Detail and validate the popup is displayed                                                      # stepdefinitions.AppianUATDefinitions.i_click_on_account_detail_and_validate_the_popup_is_displayed()

    Embedding Step Screenshot [imagepassed/png 60020 bytes]

Page title validation passed. Expected part: 'Chetwood - Universal Workspace', Actual title: Chetwood - Universal Workspace v3.1.11 (15/04/2025)
  And I click on the Verified button and validate the Account Detail home page is displayed                              # stepdefinitions.AppianUATDefinitions.i_click_on_the_verified_button_and_validate_the_account_detail_home_page_is_displayed()

    Embedding Step Screenshot [imagepassed/png 21572 bytes]

Switched back to main page (default content)
Hovered and clicked on element: [[ChromeDriver: chrome on WINDOWS (315685f1121c83e0a774ccff32b0ad06)] -> xpath: (//tr[@class='tabRow']//li[@title='Diary']//span[normalize-space(text())='Diary'])[1]]
  And I click on the Diary tab and validate that a new entry is created in the diary "120032"                            # stepdefinitions.AppianUATDefinitions.i_click_on_the_diary_tab_and_validate_that_a_new_entry_is_created_in_the_diary(java.lang.String)
      org.openqa.selenium.NoSuchElementException: no such element: Unable to locate element: {"method":"xpath","selector":"//table[@id='CustomerDiary']//tbody//tr[1]//td[2]"}
  (Session info: chrome=140.0.7339.186)
For documentation on this error, please visit: https://www.seleniumhq.org/exceptions/no_such_element.html
Build info: version: '3.141.59', revision: 'e82be7d358', time: '2018-11-14T08:17:03'
System info: host: 'AZRAVD-DWS-145', ip: '10.120.9.71', os.name: 'Windows 10', os.arch: 'x86', os.version: '10.0', java.version: '1.8.0_462'
Driver info: org.openqa.selenium.chrome.ChromeDriver
Capabilities {acceptInsecureCerts: false, browserName: chrome, browserVersion: 140.0.7339.186, chrome: {chromedriverVersion: 140.0.7339.82 (bc93617e21c3..., userDataDir: C:\Users\VIKASH~1.KUM\AppDa...}, fedcm:accounts: true, goog:chromeOptions: {debuggerAddress: localhost:55356}, javascriptEnabled: true, networkConnectionEnabled: false, pageLoadStrategy: normal, platform: WINDOWS, platformName: WINDOWS, proxy: Proxy(), setWindowRect: true, strictFileInteractability: false, timeouts: {implicit: 0, pageLoad: 300000, script: 30000}, unhandledPromptBehavior: dismiss and notify, webauthn:extension:credBlob: true, webauthn:extension:largeBlob: true, webauthn:extension:minPinLength: true, webauthn:extension:prf: true, webauthn:virtualAuthenticators: true}
Session ID: 315685f1121c83e0a774ccff32b0ad06
*** Element info: {Using=xpath, value=//table[@id='CustomerDiary']//tbody//tr[1]//td[2]}
	at sun.reflect.NativeConstructorAccessorImpl.newInstance0(Native Method)
	at sun.reflect.NativeConstructorAccessorImpl.newInstance(NativeConstructorAccessorImpl.java:62)
	at sun.reflect.DelegatingConstructorAccessorImpl.newInstance(DelegatingConstructorAccessorImpl.java:45)
	at java.lang.reflect.Constructor.newInstance(Constructor.java:423)
	at org.openqa.selenium.remote.http.W3CHttpResponseCodec.createException(W3CHttpResponseCodec.java:187)
	at org.openqa.selenium.remote.http.W3CHttpResponseCodec.decode(W3CHttpResponseCodec.java:122)
	at org.openqa.selenium.remote.http.W3CHttpResponseCodec.decode(W3CHttpResponseCodec.java:49)
	at org.openqa.selenium.remote.HttpCommandExecutor.execute(HttpCommandExecutor.java:158)
	at org.openqa.selenium.remote.service.DriverCommandExecutor.execute(DriverCommandExecutor.java:83)
	at org.openqa.selenium.remote.RemoteWebDriver.execute(RemoteWebDriver.java:552)
	at org.openqa.selenium.remote.RemoteWebDriver.findElement(RemoteWebDriver.java:323)
	at org.openqa.selenium.remote.RemoteWebDriver.findElementByXPath(RemoteWebDriver.java:428)
	at org.openqa.selenium.By$ByXPath.findElement(By.java:353)
	at org.openqa.selenium.remote.RemoteWebDriver.findElement(RemoteWebDriver.java:315)
	at org.openqa.selenium.support.pagefactory.DefaultElementLocator.findElement(DefaultElementLocator.java:69)
	at org.openqa.selenium.support.pagefactory.internal.LocatingElementHandler.invoke(LocatingElementHandler.java:38)
	at com.sun.proxy.$Proxy22.getText(Unknown Source)
	at pages.Base.extractTrimmedNumber(Base.java:372)
	at pages.AppianUATPage.validateAccountEntryInDiaryTab(AppianUATPage.java:326)
	at stepdefinitions.AppianUATDefinitions.i_click_on_the_diary_tab_and_validate_that_a_new_entry_is_created_in_the_diary(AppianUATDefinitions.java:124)
	at âœ½.I click on the Diary tab and validate that a new entry is created in the diary "120032"(file:///H:/Automation_Workspace/UWAppian/com.UWAppianAutomation/src/test/resources/features/AppianUAT.feature:34)


    Embedding Failed Step Screenshot [imagefailed/png 63741 bytes]

  And I logout the UW application                                                                                        # stepdefinitions.AppianUATDefinitions.i_logout_the_uw_application()
]]></system-out>
    <system-err><![CDATA[Starting ChromeDriver 140.0.7339.82 (bc93617e21c39ed4afa6ce1c08554e5aa76d132d-refs/branch-heads/7339_41@{#5}) on port 30615
Only local connections are allowed.
Please see https://chromedriver.chromium.org/security-considerations for suggestions on keeping ChromeDriver safe.
ChromeDriver was started successfully on port 30615.
Sep 29, 2025 1:59:38 PM org.openqa.selenium.remote.ProtocolHandshake createSession
INFO: Detected dialect: W3C
]]></system-err>
  </testcase>
</testsuite>